<?xml version="1.0" encoding="UTF-8"?>
<!-- Generated by org.testng.reporters.JUnitReportReporter -->
<testsuite name="testCases.TACreateContact" tests="1" time="37.320" ignored="0" failures="0" timestamp="10 Aug 2017 07:08:24 GMT" skipped="0" hostname="CSCINDAE752825" errors="0">
  <testcase name="createcontact" time="37.320" classname="testCases.TACreateContact"/>
</testsuite> <!-- testCases.TACreateContact -->
