<?xml version="1.0" encoding="UTF-8"?>
<!-- Generated by org.testng.reporters.JUnitReportReporter -->
<testsuite name="testCases.TA_HomeLinks" tests="1" time="53.447" ignored="0" failures="0" timestamp="09 Aug 2017 10:13:10 GMT" skipped="0" hostname="CSCINDAE752825" errors="0">
  <testcase name="createcontact" time="53.447" classname="testCases.TA_HomeLinks"/>
</testsuite> <!-- testCases.TA_HomeLinks -->
