<?xml version="1.0" encoding="UTF-8"?>
<!-- Generated by org.testng.reporters.JUnitReportReporter -->
<testsuite name="testCases.SampleTest" tests="1" time="11.414" ignored="0" failures="0" timestamp="08 Aug 2017 14:05:33 GMT" skipped="0" hostname="CSCINDAE752825" errors="0">
  <testcase name="testMethod1" time="11.414" classname="testCases.SampleTest"/>
</testsuite> <!-- testCases.SampleTest -->
