<?xml version="1.0" encoding="UTF-8"?>
<!-- Generated by org.testng.reporters.JUnitReportReporter -->
<testsuite name="testRunner.TestRunner" tests="1" time="36.310" ignored="0" failures="0" timestamp="10 Aug 2017 07:08:24 GMT" skipped="0" hostname="CSCINDAE752825" errors="0">
  <testcase name="feature" time="36.310" classname="testRunner.TestRunner"/>
</testsuite> <!-- testRunner.TestRunner -->
